16:18:49-app.py-app-app: Processing Signup...
16:18:53-app.py-app-app: Processing Signup...
16:18:56-app.py-app-app: Processing Signup...
16:18:56-app.py-app-app: Processing Signup...
16:18:56-app.py-app-app: Processing Signup...
16:18:56-app.py-app-app: Processing Signup...
16:18:57-app.py-app-app: Processing Signup...
16:18:58-app.py-app-app: Processing Signup...
16:19:44-app.py-app-app: Processing Signup...
16:19:45-app.py-app-app: Processing Signup...
16:19:45-app.py-app-app: Processing Signup...
16:19:45-app.py-app-app: Processing Signup...
16:19:46-app.py-app-app: Processing Signup...
16:19:46-app.py-app-app: Processing Signup...
16:19:47-app.py-app-app: Processing Signup...
16:19:47-app.py-app-app: Processing Signup...
16:19:48-app.py-app-app: Processing Signup...
16:20:21-app.py-app-app: Processing Signup...
16:46:40-app.py-app-app: Processing Index
16:48:39-app.py-app-app: Processing Signup...
16:50:07-app.py-app-app: Processing Signup...
16:50:13-app.py-app-app: Processing Signup...
16:50:17-app.py-app-app: Processing Signup...
16:50:17-app.py-app-app: Processing Signup...
16:50:17-app.py-app-app: Processing Signup...
16:50:18-app.py-app-app: Processing Signup...
16:50:45-app.py-app-app: Processing Signup...
16:53:15-app.py-app-app: Processing Signup...
16:55:22-app.py-app-app: Processing Signup...
19:37:41-app.py-app-app: Processing Login...
19:38:09-app.py-app-app: Processing Login...
19:38:50-app.py-app-app: Processing Signup...
19:40:50-app.py-app-app: Processing Login...
19:43:54-app.py-app-app: Processing Login...
19:45:13-app.py-app-app: Processing Login...
19:46:50-app.py-app-app: Processing Login...
19:47:10-app.py-app-app: Processing Login...
19:50:13-app.py-app-app: Processing Login...
19:52:06-app.py-app-app: Processing Login...
20:35:11-app.py-app-app: Processing Login...
20:36:00-app.py-app-app: Processing Login...
11:29:46-app.py-app-app: Processing Index
11:30:50-app.py-app-app: Processing Login...
11:32:07-app.py-app-app: Processing Login...
11:33:22-app.py-app-app: Processing Login...
11:35:40-app.py-app-app: Processing Index
12:18:51-app.py-app-app: Processing Signup...
12:24:52-app.py-app-app: Processing Signup...
12:40:34-app.py-app-app: Processing Signup...
12:42:58-app.py-app-app: Processing Signup...
12:43:42-app.py-app-app: Processing Signup...
13:07:25-app.py-app-app: Processing Signup...
09:07:00-app.py-app-app: Processing Signup...
09:07:16-app.py-app-app: Processing Login...
09:08:50-app.py-app-app: Processing Login...
09:09:49-app.py-app-app: Processing Login...
09:18:22-app.py-app-app: Processing Login...
09:20:33-app.py-app-app: Processing Login...
09:21:57-app.py-app-app: Processing Login...
09:23:58-app.py-app-app: Processing Logout...
09:25:14-app.py-app-app: Processing Logout...
09:26:54-app.py-app-app: Processing Logout...
09:31:26-app.py-app-app: Processing Login...
09:46:02-app.py-app-app: Processing Signup...
09:46:21-app.py-app-app: Processing Login...
09:48:03-app.py-app-app: Processing Logout...
09:51:52-app.py-app-app: Processing Login...
09:52:00-app.py-app-app: Processing Logout...
09:52:41-app.py-app-app: Processing Login...
09:52:46-app.py-app-app: Processing Logout...
09:55:48-app.py-app-app: Processing Login...
09:56:03-app.py-app-app: Processing Logout...
09:57:14-app.py-app-app: Processing Login...
09:57:21-app.py-app-app: Processing Logout...
09:58:06-app.py-app-app: Processing Login...
09:58:11-app.py-app-app: Processing Logout...
10:01:31-app.py-app-app: Processing Login...
10:01:38-app.py-app-app: Processing Logout...
10:04:35-app.py-app-app: Processing Login...
10:04:50-app.py-app-app: Processing Logout...
10:05:42-app.py-app-app: Processing Login...
10:05:46-app.py-app-app: Processing Logout...
10:07:35-app.py-app-app: Processing Login...
10:07:40-app.py-app-app: Processing Logout...
10:17:29-app.py-app-app: Processing Login...
10:17:38-app.py-app-app: Processing Find User...
10:19:23-app.py-app-app: Processing Find User...
10:25:14-app.py-app-app: Processing Find User...
10:27:34-app.py-app-app: Processing Find User...
10:33:47-app.py-app-app: Processing Find User...
10:34:57-app.py-app-app: Processing Find User...
10:35:22-app.py-app-app: Processing Find User...
10:36:02-app.py-app-app: Processing Find User...
10:37:04-app.py-app-app: Processing Find User...
10:37:57-app.py-app-app: Processing Find User...
10:38:17-app.py-app-app: Processing Find User...
10:41:32-app.py-app-app: Processing Find User...
10:43:12-app.py-app-app: Processing Find User...
10:43:27-app.py-app-app: Processing Find User...
10:43:39-app.py-app-app: Processing Find User...
10:49:12-app.py-app-app: Processing Find User...
10:59:56-app.py-app-app: Processing Find User...
11:26:26-app.py-app-app: Processing Login...
11:26:33-app.py-app-app: Processing Find User...
11:43:37-app.py-app-app: Processing Find User...
11:44:09-app.py-app-app: Processing Find User...
11:45:27-app.py-app-app: Processing Find User...
11:46:16-app.py-app-app: Processing Find User...
11:50:41-app.py-app-app: Processing Find User...
11:51:30-app.py-app-app: Processing Find User...
11:52:55-app.py-app-app: Processing Find User...
11:53:42-app.py-app-app: Processing Find User...
11:54:27-app.py-app-app: Processing Find User...
11:54:31-app.py-app-app: Processing Find User...
11:54:46-app.py-app-app: Processing Find User...
12:04:49-app.py-app-app: Processing Find User...
12:05:03-app.py-app-app: Processing Change Password...
12:07:04-app.py-app-app: Processing Change Password...
12:09:06-app.py-app-app: Processing Change Password...
12:10:29-app.py-app-app: Processing Change Password...
12:11:23-app.py-app-app: Processing Find User...
12:11:36-app.py-app-app: Processing Change Password...
12:12:30-app.py-app-app: Processing Find User...
12:12:41-app.py-app-app: Processing Change Password...
12:12:47-app.py-app-app: Processing Find User...
12:17:34-app.py-app-app: Processing Find User...
12:33:26-app.py-app-app: Processing Find User...
12:34:40-app.py-app-app: Processing Find User...
12:34:48-app.py-app-app: Processing Edit Profile...
12:35:04-app.py-app-app: Processing Find User...
12:35:37-app.py-app-app: Processing Edit Profile...
12:36:26-app.py-app-app: Processing Find User...
12:38:49-app.py-app-app: Processing Find User...
12:39:10-app.py-app-app: Processing Find User...
12:39:12-app.py-app-app: Processing Logout...
12:46:20-app.py-app-app: Processing Login...
12:46:42-app.py-app-app: Processing Logout...
12:47:40-app.py-app-app: Processing Login...
12:47:42-app.py-app-app: Processing Logout...
12:48:10-app.py-app-app: Processing Login...
12:48:12-app.py-app-app: Processing Logout...
13:31:18-app.py-app-app: Processing Login...
