16:18:49 INFO app Thread-4 : Processing Signup...
16:18:53 INFO app Thread-5 : Processing Signup...
16:18:56 INFO app Thread-7 : Processing Signup...
16:18:56 INFO app Thread-8 : Processing Signup...
16:18:56 INFO app Thread-9 : Processing Signup...
16:18:56 INFO app Thread-10 : Processing Signup...
16:18:57 INFO app Thread-11 : Processing Signup...
16:18:58 INFO app Thread-12 : Processing Signup...
16:19:44 INFO app Thread-14 : Processing Signup...
16:19:45 INFO app Thread-15 : Processing Signup...
16:19:45 INFO app Thread-16 : Processing Signup...
16:19:45 INFO app Thread-17 : Processing Signup...
16:19:46 INFO app Thread-18 : Processing Signup...
16:19:46 INFO app Thread-19 : Processing Signup...
16:19:47 INFO app Thread-20 : Processing Signup...
16:19:47 INFO app Thread-21 : Processing Signup...
16:19:48 INFO app Thread-22 : Processing Signup...
16:20:21 INFO app Thread-23 : Processing Signup...
16:46:40 INFO app Thread-4 : Processing Index
16:48:39 INFO app Thread-7 : Processing Signup...
16:50:07 INFO app Thread-10 : Processing Signup...
16:50:13 INFO app Thread-12 : Processing Signup...
16:50:17 INFO app Thread-13 : Processing Signup...
16:50:17 INFO app Thread-14 : Processing Signup...
16:50:17 INFO app Thread-15 : Processing Signup...
16:50:18 INFO app Thread-16 : Processing Signup...
16:50:45 INFO app Thread-22 : Processing Signup...
16:53:15 INFO app Thread-4 : Processing Signup...
16:55:22 INFO app Thread-3 : Processing Signup...
19:37:41 INFO app Thread-4 : Processing Login...
19:38:09 INFO app Thread-6 : Processing Login...
19:38:50 INFO app Thread-8 : Processing Signup...
19:40:50 INFO app Thread-10 : Processing Login...
19:43:54 INFO app Thread-4 : Processing Login...
19:45:13 INFO app Thread-4 : Processing Login...
19:46:50 INFO app Thread-4 : Processing Login...
19:47:10 INFO app Thread-6 : Processing Login...
19:50:13 INFO app Thread-4 : Processing Login...
19:52:06 INFO app Thread-6 : Processing Login...
20:35:11 INFO app Thread-8 : Processing Login...
20:36:00 INFO app Thread-10 : Processing Login...
11:29:46 INFO app Thread-3 : Processing Index
11:30:50 INFO app Thread-5 : Processing Login...
11:32:07 INFO app Thread-3 : Processing Login...
11:33:22 INFO app Thread-3 : Processing Login...
11:35:40 INFO app Thread-4 : Processing Index
12:18:51 INFO app Thread-4 : Processing Signup...
12:24:52 INFO app Thread-4 : Processing Signup...
12:40:34 INFO app Thread-4 : Processing Signup...
12:42:58 INFO app Thread-6 : Processing Signup...
12:43:42 INFO app Thread-8 : Processing Signup...
13:07:25 INFO app Thread-5 : Processing Signup...
09:07:00 INFO app Thread-4 : Processing Signup...
09:07:16 INFO app Thread-6 : Processing Login...
09:08:50 INFO app Thread-4 : Processing Login...
09:09:49 INFO app Thread-4 : Processing Login...
09:18:22 INFO app Thread-4 : Processing Login...
09:20:33 INFO app Thread-4 : Processing Login...
09:21:57 INFO app Thread-4 : Processing Login...
09:23:58 INFO app Thread-4 : Processing Logout...
09:25:14 INFO app Thread-4 : Processing Logout...
09:26:54 INFO app Thread-4 : Processing Logout...
09:31:26 INFO app Thread-4 : Processing Login...
09:46:02 INFO app Thread-4 : Processing Signup...
09:46:21 INFO app Thread-6 : Processing Login...
09:48:03 INFO app Thread-8 : Processing Logout...
09:51:52 INFO app Thread-10 : Processing Login...
09:52:00 INFO app Thread-12 : Processing Logout...
09:52:41 INFO app Thread-14 : Processing Login...
09:52:46 INFO app Thread-16 : Processing Logout...
09:55:48 INFO app Thread-8 : Processing Login...
09:56:03 INFO app Thread-10 : Processing Logout...
09:57:14 INFO app Thread-4 : Processing Login...
09:57:21 INFO app Thread-6 : Processing Logout...
09:58:06 INFO app Thread-4 : Processing Login...
09:58:11 INFO app Thread-6 : Processing Logout...
10:01:31 INFO app Thread-4 : Processing Login...
10:01:38 INFO app Thread-6 : Processing Logout...
10:04:35 INFO app Thread-4 : Processing Login...
10:04:50 INFO app Thread-6 : Processing Logout...
10:05:42 INFO app Thread-4 : Processing Login...
10:05:46 INFO app Thread-6 : Processing Logout...
10:07:35 INFO app Thread-4 : Processing Login...
10:07:40 INFO app Thread-6 : Processing Logout...
10:17:29 INFO app Thread-4 : Processing Login...
10:17:38 INFO app Thread-6 : Processing Find User...
10:19:23 INFO app Thread-8 : Processing Find User...
10:25:14 INFO app Thread-10 : Processing Find User...
10:27:34 INFO app Thread-12 : Processing Find User...
10:33:47 INFO app Thread-14 : Processing Find User...
10:34:57 INFO app Thread-16 : Processing Find User...
10:35:22 INFO app Thread-18 : Processing Find User...
10:36:02 INFO app Thread-20 : Processing Find User...
10:37:04 INFO app Thread-22 : Processing Find User...
10:37:57 INFO app Thread-24 : Processing Find User...
10:38:17 INFO app Thread-26 : Processing Find User...
10:41:32 INFO app Thread-28 : Processing Find User...
10:43:12 INFO app Thread-30 : Processing Find User...
10:43:27 INFO app Thread-32 : Processing Find User...
10:43:39 INFO app Thread-34 : Processing Find User...
10:49:12 INFO app Thread-36 : Processing Find User...
10:59:56 INFO app Thread-38 : Processing Find User...
11:26:26 INFO app Thread-48 : Processing Login...
11:26:33 INFO app Thread-50 : Processing Find User...
11:43:37 INFO app Thread-52 : Processing Find User...
11:44:09 INFO app Thread-54 : Processing Find User...
11:45:27 INFO app Thread-56 : Processing Find User...
11:46:16 INFO app Thread-58 : Processing Find User...
11:50:41 INFO app Thread-60 : Processing Find User...
11:51:30 INFO app Thread-62 : Processing Find User...
11:52:55 INFO app Thread-64 : Processing Find User...
11:53:42 INFO app Thread-66 : Processing Find User...
11:54:27 INFO app Thread-68 : Processing Find User...
11:54:31 INFO app Thread-69 : Processing Find User...
11:54:46 INFO app Thread-71 : Processing Find User...
12:04:49 INFO app Thread-73 : Processing Find User...
12:05:03 INFO app Thread-75 : Processing Change Password...
12:07:04 INFO app Thread-4 : Processing Change Password...
12:09:06 INFO app Thread-4 : Processing Change Password...
12:10:29 INFO app Thread-4 : Processing Change Password...
12:11:23 INFO app Thread-6 : Processing Find User...
12:11:36 INFO app Thread-8 : Processing Change Password...
12:12:30 INFO app Thread-10 : Processing Find User...
12:12:41 INFO app Thread-12 : Processing Change Password...
12:12:47 INFO app Thread-14 : Processing Find User...
12:17:34 INFO app Thread-18 : Processing Find User...
12:33:26 INFO app Thread-20 : Processing Find User...
12:34:40 INFO app Thread-22 : Processing Find User...
12:34:48 INFO app Thread-24 : Processing Edit Profile...
12:35:04 INFO app Thread-26 : Processing Find User...
12:35:37 INFO app Thread-28 : Processing Edit Profile...
12:36:26 INFO app Thread-30 : Processing Find User...
12:38:49 INFO app Thread-32 : Processing Find User...
12:39:10 INFO app Thread-34 : Processing Find User...
12:39:12 INFO app Thread-36 : Processing Logout...
12:46:20 INFO app Thread-40 : Processing Login...
12:46:42 INFO app Thread-42 : Processing Logout...
12:47:40 INFO app Thread-44 : Processing Login...
12:47:42 INFO app Thread-46 : Processing Logout...
12:48:10 INFO app Thread-48 : Processing Login...
12:48:12 INFO app Thread-50 : Processing Logout...
13:31:18 INFO app Thread-52 : Processing Login...
18:00:09 INFO werkzeug MainThread :  * Restarting with stat
18:00:10 WARNING werkzeug MainThread :  * Debugger is active!
18:00:10 INFO werkzeug MainThread :  * Debugger PIN: 804-576-205
18:00:10 INFO werkzeug Thread-1 :  * Running on http://127.0.0.1:5000/ (Press CTRL+C to quit)
19:34:22 INFO werkzeug MainThread :  * Detected change in 'E:\\adv web\\Assignement4\\Assignment4\\rentalvista-backend\\app.py', reloading
19:34:23 INFO werkzeug MainThread :  * Restarting with stat
20:35:49 INFO werkzeug MainThread :  * Restarting with stat
20:35:51 WARNING werkzeug MainThread :  * Debugger is active!
20:35:51 INFO werkzeug MainThread :  * Debugger PIN: 804-576-205
20:35:51 INFO werkzeug Thread-1 :  * Running on http://0.0.0.0:5000/ (Press CTRL+C to quit)
20:49:18 INFO werkzeug Thread-2 : 127.0.0.1 - - [21/Jul/2020 20:49:18] "[37mPUT /put HTTP/1.1[0m" 200 -
20:49:24 INFO werkzeug Thread-3 : 127.0.0.1 - - [21/Jul/2020 20:49:24] "[37mPUT /put HTTP/1.1[0m" 200 -
20:49:44 INFO werkzeug Thread-4 : 127.0.0.1 - - [21/Jul/2020 20:49:44] "[37mPUT /put HTTP/1.1[0m" 200 -
20:50:50 INFO werkzeug Thread-6 : 127.0.0.1 - - [21/Jul/2020 20:50:50] "[37mPUT /put HTTP/1.1[0m" 200 -
20:51:57 INFO werkzeug Thread-8 : 127.0.0.1 - - [21/Jul/2020 20:51:57] "[37mOPTIONS /put HTTP/1.1[0m" 200 -
20:51:58 INFO werkzeug Thread-9 : 127.0.0.1 - - [21/Jul/2020 20:51:58] "[31m[1mPOST /put HTTP/1.1[0m" 405 -
20:54:44 INFO werkzeug Thread-11 : 127.0.0.1 - - [21/Jul/2020 20:54:44] "[37mOPTIONS /put HTTP/1.1[0m" 200 -
20:54:44 INFO werkzeug Thread-12 : 127.0.0.1 - - [21/Jul/2020 20:54:44] "[35m[1mPUT /put HTTP/1.1[0m" 500 -
20:55:26 INFO werkzeug MainThread :  * Detected change in 'E:\\adv web\\Assignement4\\Assignment4\\rentalvista-backend\\app.py', reloading
20:55:27 INFO werkzeug MainThread :  * Restarting with stat
20:55:29 WARNING werkzeug MainThread :  * Debugger is active!
20:55:30 INFO werkzeug MainThread :  * Debugger PIN: 804-576-205
20:55:30 INFO werkzeug Thread-1 :  * Running on http://0.0.0.0:5000/ (Press CTRL+C to quit)
20:55:46 INFO werkzeug Thread-2 : 127.0.0.1 - - [21/Jul/2020 20:55:46] "[37mOPTIONS /put HTTP/1.1[0m" 200 -
20:56:55 INFO werkzeug MainThread :  * Detected change in 'E:\\adv web\\Assignement4\\Assignment4\\rentalvista-backend\\app.py', reloading
20:56:55 INFO werkzeug MainThread :  * Restarting with stat
20:56:58 WARNING werkzeug MainThread :  * Debugger is active!
20:56:58 INFO werkzeug MainThread :  * Debugger PIN: 804-576-205
20:56:58 INFO werkzeug Thread-1 :  * Running on http://0.0.0.0:5000/ (Press CTRL+C to quit)
20:57:37 INFO werkzeug Thread-2 : 127.0.0.1 - - [21/Jul/2020 20:57:37] "[37mOPTIONS /put HTTP/1.1[0m" 200 -
20:57:37 INFO werkzeug Thread-3 : 127.0.0.1 - - [21/Jul/2020 20:57:37] "[35m[1mPUT /put HTTP/1.1[0m" 500 -
20:57:38 INFO werkzeug Thread-4 : 127.0.0.1 - - [21/Jul/2020 20:57:38] "[35m[1mPUT /put HTTP/1.1[0m" 500 -
20:58:36 INFO werkzeug MainThread :  * Detected change in 'E:\\adv web\\Assignement4\\Assignment4\\rentalvista-backend\\app.py', reloading
20:58:36 INFO werkzeug MainThread :  * Restarting with stat
20:58:39 WARNING werkzeug MainThread :  * Debugger is active!
20:58:39 INFO werkzeug MainThread :  * Debugger PIN: 804-576-205
20:58:39 INFO werkzeug Thread-1 :  * Running on http://0.0.0.0:5000/ (Press CTRL+C to quit)
20:59:48 INFO werkzeug Thread-2 : 127.0.0.1 - - [21/Jul/2020 20:59:48] "[37mOPTIONS /put HTTP/1.1[0m" 200 -
20:59:49 INFO werkzeug Thread-3 : 127.0.0.1 - - [21/Jul/2020 20:59:49] "[35m[1mPUT /put HTTP/1.1[0m" 500 -
21:14:49 INFO werkzeug MainThread :  * Detected change in 'E:\\adv web\\Assignement4\\Assignment4\\rentalvista-backend\\app.py', reloading
21:14:50 INFO werkzeug MainThread :  * Restarting with stat
21:14:52 WARNING werkzeug MainThread :  * Debugger is active!
21:14:52 INFO werkzeug MainThread :  * Debugger PIN: 804-576-205
21:14:52 INFO werkzeug Thread-1 :  * Running on http://0.0.0.0:5000/ (Press CTRL+C to quit)
21:16:22 INFO werkzeug Thread-2 : 127.0.0.1 - - [21/Jul/2020 21:16:22] "[37mOPTIONS /put HTTP/1.1[0m" 200 -
21:16:22 INFO werkzeug Thread-3 : 127.0.0.1 - - [21/Jul/2020 21:16:22] "[35m[1mPUT /put HTTP/1.1[0m" 500 -
21:18:33 INFO werkzeug MainThread :  * Detected change in 'E:\\adv web\\Assignement4\\Assignment4\\rentalvista-backend\\app.py', reloading
21:18:33 INFO werkzeug MainThread :  * Restarting with stat
21:18:35 WARNING werkzeug MainThread :  * Debugger is active!
21:18:36 INFO werkzeug MainThread :  * Debugger PIN: 804-576-205
21:18:36 INFO werkzeug Thread-1 :  * Running on http://0.0.0.0:5000/ (Press CTRL+C to quit)
21:18:43 INFO werkzeug MainThread :  * Detected change in 'E:\\adv web\\Assignement4\\Assignment4\\rentalvista-backend\\app.py', reloading
21:18:43 INFO werkzeug MainThread :  * Restarting with stat
21:18:45 WARNING werkzeug MainThread :  * Debugger is active!
21:18:45 INFO werkzeug MainThread :  * Debugger PIN: 804-576-205
21:18:45 INFO werkzeug Thread-1 :  * Running on http://0.0.0.0:5000/ (Press CTRL+C to quit)
21:27:19 WARNING werkzeug MainThread :  * Debugger is active!
21:27:19 INFO werkzeug MainThread :  * Debugger PIN: 804-576-205
21:27:19 INFO werkzeug Thread-2 :  * Running on http://127.0.0.1:5000/ (Press CTRL+C to quit)
21:27:21 INFO werkzeug MainThread :  * Restarting with stat
21:36:33 INFO app Thread-4 : Processing Signup...
21:38:43 INFO app Thread-7 : Processing Signup...
21:53:31 INFO app Thread-4 : Processing Signup...
21:54:37 INFO app Thread-7 : Processing Signup...
08:09:02 INFO app Thread-4 : Processing Signup...
08:09:09 INFO app Thread-6 : Processing Signup...
08:09:15 INFO app Thread-8 : Processing Signup...
08:09:15 INFO app Thread-9 : Processing Signup...
08:10:31 INFO app Thread-4 : Processing Signup...
08:11:12 INFO app Thread-6 : Processing Signup...
08:23:37 INFO app Thread-4 : Processing Signup...
08:24:59 INFO app Thread-4 : Processing Signup...
